<?xml version="1.0" encoding="UTF-8"?>
<!-- Generated by org.testng.reporters.JUnitXMLReporter -->
<testsuite ignored="0" hostname="EGCA1-0091" failures="0" tests="2" name="Test" time="0.069" errors="0" timestamp="2022-02-03T20:10:27 EET">
  <testcase classname="main.Start" name="@BeforeTest prepareClassProperties" time="-1.643911827516E9">
    <failure type="org.testng.TestNGException" message="
Parameter &amp;apos;browser&amp;apos; is required by BeforeTest on method prepareClassProperties but has not been marked @Optional or defined
in C:\Users\G525585\eclipse-workspace\AutomateAmazonApplication\testng.xml">
      <![CDATA[org.testng.TestNGException: 
Parameter 'browser' is required by BeforeTest on method prepareClassProperties but has not been marked @Optional or defined
in C:\Users\G525585\eclipse-workspace\AutomateAmazonApplication\testng.xml
... Removed 21 stack frames]]>
    </failure>
  </testcase> <!-- @BeforeTest prepareClassProperties -->
  <testcase classname="main.Start" name="@AfterTest closeApplication" time="-1.643911827577E9">
    <skipped/>
  </testcase> <!-- @AfterTest closeApplication -->
  <testcase classname="main.Start" name="startApplication" time="0.0">
    <skipped/>
  </testcase> <!-- startApplication -->
  <testcase classname="main.Start" name="login" time="0.0">
    <skipped/>
  </testcase> <!-- login -->
</testsuite> <!-- Test -->
