<?xml version="1.0" encoding="UTF-8"?>
<testng-results ignored="0" total="2" passed="2" failed="0" skipped="0">
  <reporter-output>
  </reporter-output>
  <suite started-at="2022-06-24T18:46:35 EET" name="Amazon Web Application" finished-at="2022-06-24T18:49:20 EET" duration-ms="164414">
    <groups>
      <group name="smoke">
        <method signature="TestBase.login()[pri:2, instance:test_cases.TestBase@156b88f5]" name="login" class="test_cases.TestBase"/>
        <method signature="TestBase.startApplication()[pri:1, instance:test_cases.TestBase@156b88f5]" name="startApplication" class="test_cases.TestBase"/>
      </group> <!-- smoke -->
    </groups>
    <test started-at="2022-06-24T18:46:35 EET" name="Test Login to Amazon Web Application" finished-at="2022-06-24T18:49:20 EET" duration-ms="164414">
      <class name="test_cases.TestBase">
        <test-method is-config="true" signature="prepareClassProperties(java.lang.String)[pri:0, instance:test_cases.TestBase@156b88f5]" started-at="2022-06-24T18:46:35 EET" name="prepareClassProperties" finished-at="2022-06-24T18:46:42 EET" duration-ms="7037" status="PASS">
          <params>
            <param index="0">
              <value>
                <![CDATA[Chrome]]>
              </value>
            </param>
          </params>
          <reporter-output>
          </reporter-output>
        </test-method> <!-- prepareClassProperties -->
        <test-method signature="startApplication()[pri:1, instance:test_cases.TestBase@156b88f5]" started-at="2022-06-24T18:46:42 EET" name="startApplication" description="Start Amazon Web Application" finished-at="2022-06-24T18:47:28 EET" duration-ms="45763" status="PASS">
          <reporter-output>
          </reporter-output>
        </test-method> <!-- startApplication -->
        <test-method signature="login()[pri:2, instance:test_cases.TestBase@156b88f5]" started-at="2022-06-24T18:47:28 EET" name="login" description="Login to Amazon Web Application" finished-at="2022-06-24T18:49:16 EET" duration-ms="107836" status="PASS">
          <reporter-output>
          </reporter-output>
        </test-method> <!-- login -->
        <test-method is-config="true" signature="tearDown()[pri:0, instance:test_cases.TestBase@156b88f5]" started-at="2022-06-24T18:49:16 EET" name="tearDown" finished-at="2022-06-24T18:49:20 EET" duration-ms="3580" status="PASS">
          <reporter-output>
          </reporter-output>
        </test-method> <!-- tearDown -->
      </class> <!-- test_cases.TestBase -->
    </test> <!-- Test Login to Amazon Web Application -->
  </suite> <!-- Amazon Web Application -->
</testng-results>
